\BOOKMARK [1][-]{section.1}{\332vod}{}% 1
\BOOKMARK [1][-]{section.2}{Lexik\341lna anal\375za}{}% 2
\BOOKMARK [1][-]{section.3}{Parser}{}% 3
\BOOKMARK [1][-]{section.4}{Tabulka symbolov}{}% 4
\BOOKMARK [1][-]{section.5}{S\351mantick\341 anal\375za a generovanie k\363du}{}% 5
\BOOKMARK [2][-]{subsection.5.1}{Pr\355kaz priradenia}{section.5}% 6
\BOOKMARK [2][-]{subsection.5.2}{Defin\355cia premennej}{section.5}% 7
\BOOKMARK [2][-]{subsection.5.3}{Definicia funkcie}{section.5}% 8
\BOOKMARK [2][-]{subsection.5.4}{Podmienen\375 pr\355kaz \(if-else\)}{section.5}% 9
\BOOKMARK [2][-]{subsection.5.5}{For cyklus}{section.5}% 10
\BOOKMARK [2][-]{subsection.5.6}{R\341mce}{section.5}% 11
\BOOKMARK [2][-]{subsection.5.7}{S\351mantick\351 akcie pri returne}{section.5}% 12
\BOOKMARK [2][-]{subsection.5.8}{V\375razy}{section.5}% 13
\BOOKMARK [2][-]{subsection.5.9}{Optimaliz\341cie}{section.5}% 14
\BOOKMARK [1][-]{section.6}{Pr\341ca v t\355me}{}% 15
\BOOKMARK [2][-]{subsection.6.1}{Rozdelenie pr\341ce}{section.6}% 16
\BOOKMARK [1][-]{section.7}{Z\341ver}{}% 17
\BOOKMARK [1][-]{section.8}{Pr\355lohy}{}% 18
\BOOKMARK [2][-]{subsection.8.1}{Generovanie k\363dov}{section.8}% 19
\BOOKMARK [2][-]{subsection.8.2}{Diagram konecn\351ho automatu zameran\375 na lexik\341lny analyz\341tor}{section.8}% 20
\BOOKMARK [2][-]{subsection.8.3}{LL Tabulka}{section.8}% 21
\BOOKMARK [2][-]{subsection.8.4}{LL Gramatika}{section.8}% 22
\BOOKMARK [2][-]{subsection.8.5}{Precedencn\341 tabulka}{section.8}% 23
